Thu, 02 Apr 2015 18:45:13 CrawlerRunner.py[line:35] INFO 开始下一轮检查并捕获信息
Thu, 02 Apr 2015 18:45:13 CrawlerRunner.py[line:45] INFO 开始抓取文章链接。。。
Thu, 02 Apr 2015 18:45:13 CrawlerRunner.py[line:35] INFO 开始下一轮检查并捕获信息
Thu, 02 Apr 2015 18:45:13 CrawlerRunner.py[line:45] INFO 开始抓取文章链接。。。
Thu, 02 Apr 2015 18:45:14 CrawlerRunner.py[line:55] INFO 获取最新链接列表,准备开始捕获文章内容
Thu, 02 Apr 2015 18:45:14 CrawlerRunner.py[line:78] INFO 准备写入数据库
Thu, 02 Apr 2015 18:45:14 CrawlerRunner.py[line:55] INFO 获取最新链接列表,准备开始捕获文章内容
Thu, 02 Apr 2015 18:45:14 CrawlerRunner.py[line:78] INFO 准备写入数据库
Thu, 02 Apr 2015 18:46:58 CrawlerRunner.py[line:35] INFO 开始下一轮检查并捕获信息
Thu, 02 Apr 2015 18:46:58 CrawlerRunner.py[line:45] INFO 开始抓取文章链接。。。
Thu, 02 Apr 2015 18:46:58 CrawlerRunner.py[line:35] INFO 开始下一轮检查并捕获信息
Thu, 02 Apr 2015 18:46:58 CrawlerRunner.py[line:45] INFO 开始抓取文章链接。。。
Thu, 02 Apr 2015 18:46:58 CrawlerRunner.py[line:55] INFO 获取最新链接列表,准备开始捕获文章内容
Thu, 02 Apr 2015 18:46:58 CrawlerRunner.py[line:78] INFO 准备写入数据库
Thu, 02 Apr 2015 19:45:17 CrawlerRunner.py[line:35] INFO 开始下一轮检查并捕获信息
Thu, 02 Apr 2015 19:45:17 CrawlerRunner.py[line:45] INFO 开始抓取文章链接。。。
Thu, 02 Apr 2015 19:45:17 CrawlerRunner.py[line:35] INFO 开始下一轮检查并捕获信息
Thu, 02 Apr 2015 19:45:17 CrawlerRunner.py[line:45] INFO 开始抓取文章链接。。。
Thu, 02 Apr 2015 19:45:17 CrawlerRunner.py[line:55] INFO 获取最新链接列表,准备开始捕获文章内容
Thu, 02 Apr 2015 19:45:17 CrawlerRunner.py[line:78] INFO 准备写入数据库
Thu, 02 Apr 2015 19:45:17 CrawlerRunner.py[line:55] INFO 获取最新链接列表,准备开始捕获文章内容
Thu, 02 Apr 2015 19:45:17 CrawlerRunner.py[line:78] INFO 准备写入数据库
Thu, 02 Apr 2015 19:48:36 CrawlerRunner.py[line:35] INFO 开始下一轮检查并捕获信息
Thu, 02 Apr 2015 19:48:36 CrawlerRunner.py[line:45] INFO 开始抓取文章链接。。。
Thu, 02 Apr 2015 19:48:36 CrawlerRunner.py[line:35] INFO 开始下一轮检查并捕获信息
Thu, 02 Apr 2015 19:48:36 CrawlerRunner.py[line:45] INFO 开始抓取文章链接。。。
Thu, 02 Apr 2015 19:48:37 CrawlerRunner.py[line:55] INFO 获取最新链接列表,准备开始捕获文章内容
Thu, 02 Apr 2015 19:48:37 CrawlerRunner.py[line:78] INFO 准备写入数据库
Thu, 02 Apr 2015 19:48:37 CrawlerRunner.py[line:55] INFO 获取最新链接列表,准备开始捕获文章内容
Thu, 02 Apr 2015 19:48:37 CrawlerRunner.py[line:78] INFO 准备写入数据库
Thu, 02 Apr 2015 20:37:22 CrawlerRunner.py[line:39] INFO 类型为1，开始下一轮检查并捕获信息
Thu, 02 Apr 2015 20:37:22 CrawlerRunner.py[line:39] INFO 类型为0，开始下一轮检查并捕获信息
Thu, 02 Apr 2015 20:37:22 CrawlerRunner.py[line:58] INFO 开始抓取文章链接。。。
Thu, 02 Apr 2015 20:37:22 CrawlerRunner.py[line:58] INFO 开始抓取文章链接。。。
Thu, 02 Apr 2015 20:37:33 CrawlerRunner.py[line:80] INFO 获取最新链接列表,准备开始捕获文章内容
Thu, 02 Apr 2015 20:37:33 CrawlerRunner.py[line:102] INFO 准备写入数据库
Thu, 02 Apr 2015 20:37:33 CrawlerRunner.py[line:80] INFO 获取最新链接列表,准备开始捕获文章内容
Thu, 02 Apr 2015 20:37:33 CrawlerRunner.py[line:102] INFO 准备写入数据库
Thu, 02 Apr 2015 20:39:38 CrawlerRunner.py[line:39] INFO 类型为1，开始下一轮检查并捕获信息
Thu, 02 Apr 2015 20:39:38 CrawlerRunner.py[line:58] INFO 开始抓取文章链接。。。
Thu, 02 Apr 2015 20:39:50 CrawlerRunner.py[line:82] INFO 获取最新链接列表,准备开始捕获文章内容
Thu, 02 Apr 2015 20:39:50 CrawlerRunner.py[line:104] INFO 准备写入数据库
Thu, 02 Apr 2015 20:44:20 CrawlerRunner.py[line:39] INFO 类型为1，开始下一轮检查并捕获信息
Thu, 02 Apr 2015 20:44:20 CrawlerRunner.py[line:58] INFO 开始抓取文章链接。。。
Thu, 02 Apr 2015 20:44:26 CrawlerRunner.py[line:39] INFO 类型为1，开始下一轮检查并捕获信息
Thu, 02 Apr 2015 20:44:26 CrawlerRunner.py[line:58] INFO 开始抓取文章链接。。。
Thu, 02 Apr 2015 20:44:39 CrawlerRunner.py[line:82] INFO 获取最新链接列表,准备开始捕获文章内容
Thu, 02 Apr 2015 20:44:39 CrawlerRunner.py[line:104] INFO 准备写入数据库
Thu, 02 Apr 2015 20:45:01 CrawlerRunner.py[line:117] INFO 数据库写入完毕
Thu, 02 Apr 2015 20:45:58 CrawlerRunner.py[line:39] INFO 类型为1，开始下一轮检查并捕获信息
Thu, 02 Apr 2015 20:45:58 CrawlerRunner.py[line:58] INFO 开始抓取文章链接。。。
Thu, 02 Apr 2015 20:46:38 CrawlerRunner.py[line:82] INFO 获取最新链接列表,准备开始捕获文章内容
Thu, 02 Apr 2015 20:46:38 CrawlerRunner.py[line:104] INFO 准备写入数据库
Thu, 02 Apr 2015 20:46:38 CrawlerRunner.py[line:117] INFO 数据库写入完毕
Thu, 02 Apr 2015 21:08:23 CrawlerRunner.py[line:39] INFO 类型为1，开始下一轮检查并捕获信息
Thu, 02 Apr 2015 21:08:23 CrawlerRunner.py[line:39] INFO 类型为0，开始下一轮检查并捕获信息
Thu, 02 Apr 2015 21:08:23 CrawlerRunner.py[line:58] INFO 开始抓取文章链接。。。
Thu, 02 Apr 2015 21:08:23 CrawlerRunner.py[line:58] INFO 开始抓取文章链接。。。
Thu, 02 Apr 2015 21:08:26 CrawlerRunner.py[line:82] INFO 获取最新链接列表,准备开始捕获文章内容
Thu, 02 Apr 2015 21:08:26 CrawlerRunner.py[line:104] INFO 准备写入数据库
Thu, 02 Apr 2015 21:08:34 CrawlerRunner.py[line:82] INFO 获取最新链接列表,准备开始捕获文章内容
Thu, 02 Apr 2015 21:08:34 CrawlerRunner.py[line:104] INFO 准备写入数据库
Thu, 02 Apr 2015 22:28:58 CrawlerRunner.py[line:39] INFO 类型为0，开始下一轮检查并捕获信息
Thu, 02 Apr 2015 22:28:58 CrawlerRunner.py[line:58] INFO 开始抓取文章链接。。。
Thu, 02 Apr 2015 22:28:58 CrawlerRunner.py[line:82] INFO 获取最新链接列表,准备开始捕获文章内容
Thu, 02 Apr 2015 22:28:58 CrawlerRunner.py[line:104] INFO 准备写入数据库
Thu, 02 Apr 2015 22:30:08 CrawlerRunner.py[line:39] INFO 类型为0，开始下一轮检查并捕获信息
Thu, 02 Apr 2015 22:30:08 CrawlerRunner.py[line:58] INFO 开始抓取文章链接。。。
Thu, 02 Apr 2015 22:30:08 CrawlerRunner.py[line:82] INFO 获取最新链接列表,准备开始捕获文章内容
Thu, 02 Apr 2015 22:30:08 CrawlerRunner.py[line:104] INFO 准备写入数据库
Thu, 02 Apr 2015 22:35:00 CrawlerRunner.py[line:39] INFO 类型为0，开始下一轮检查并捕获信息
Thu, 02 Apr 2015 22:35:00 CrawlerRunner.py[line:58] INFO 开始抓取文章链接。。。
Thu, 02 Apr 2015 22:35:00 CrawlerRunner.py[line:82] INFO 获取最新链接列表,准备开始捕获文章内容
Thu, 02 Apr 2015 22:35:00 CrawlerRunner.py[line:104] INFO 准备写入数据库
Thu, 02 Apr 2015 22:35:35 CrawlerRunner.py[line:39] INFO 类型为0，开始下一轮检查并捕获信息
Thu, 02 Apr 2015 22:35:35 CrawlerRunner.py[line:58] INFO 开始抓取文章链接。。。
Thu, 02 Apr 2015 22:35:45 CrawlerRunner.py[line:82] INFO 获取最新链接列表,准备开始捕获文章内容
Thu, 02 Apr 2015 22:35:45 CrawlerRunner.py[line:104] INFO 准备写入数据库
Thu, 02 Apr 2015 22:39:51 CrawlerRunner.py[line:39] INFO 类型为1，开始下一轮检查并捕获信息
Thu, 02 Apr 2015 22:39:51 CrawlerRunner.py[line:39] INFO 类型为0，开始下一轮检查并捕获信息
Thu, 02 Apr 2015 22:39:51 CrawlerRunner.py[line:58] INFO 开始抓取文章链接。。。
Thu, 02 Apr 2015 22:39:51 CrawlerRunner.py[line:58] INFO 开始抓取文章链接。。。
Thu, 02 Apr 2015 22:39:51 CrawlerRunner.py[line:82] INFO 获取最新链接列表,准备开始捕获文章内容
Thu, 02 Apr 2015 22:39:51 CrawlerRunner.py[line:104] INFO 准备写入数据库
Thu, 02 Apr 2015 22:39:52 CrawlerRunner.py[line:82] INFO 获取最新链接列表,准备开始捕获文章内容
Thu, 02 Apr 2015 22:39:52 CrawlerRunner.py[line:104] INFO 准备写入数据库
Thu, 02 Apr 2015 22:43:27 CrawlerRunner.py[line:39] INFO 类型为1，开始下一轮检查并捕获信息
Thu, 02 Apr 2015 22:43:27 CrawlerRunner.py[line:39] INFO 类型为0，开始下一轮检查并捕获信息
Thu, 02 Apr 2015 22:43:27 CrawlerRunner.py[line:58] INFO 开始抓取文章链接。。。
Thu, 02 Apr 2015 22:43:27 CrawlerRunner.py[line:58] INFO 开始抓取文章链接。。。
Thu, 02 Apr 2015 22:43:27 CrawlerRunner.py[line:82] INFO 获取最新链接列表,准备开始捕获文章内容
Thu, 02 Apr 2015 22:43:27 CrawlerRunner.py[line:104] INFO 准备写入数据库
Thu, 02 Apr 2015 22:43:30 CrawlerRunner.py[line:82] INFO 获取最新链接列表,准备开始捕获文章内容
Thu, 02 Apr 2015 22:43:30 CrawlerRunner.py[line:104] INFO 准备写入数据库
Thu, 02 Apr 2015 22:44:48 CrawlerRunner.py[line:39] INFO 类型为1，开始下一轮检查并捕获信息
Thu, 02 Apr 2015 22:44:48 CrawlerRunner.py[line:39] INFO 类型为0，开始下一轮检查并捕获信息
Thu, 02 Apr 2015 22:44:48 CrawlerRunner.py[line:58] INFO 开始抓取文章链接。。。
Thu, 02 Apr 2015 22:44:48 CrawlerRunner.py[line:58] INFO 开始抓取文章链接。。。
Thu, 02 Apr 2015 22:44:49 CrawlerRunner.py[line:82] INFO 获取最新链接列表,准备开始捕获文章内容
Thu, 02 Apr 2015 22:44:49 CrawlerRunner.py[line:104] INFO 准备写入数据库
Thu, 02 Apr 2015 22:44:49 CrawlerRunner.py[line:82] INFO 获取最新链接列表,准备开始捕获文章内容
Thu, 02 Apr 2015 22:44:49 CrawlerRunner.py[line:104] INFO 准备写入数据库
Fri, 03 Apr 2015 00:10:14 CrawlerRunner.py[line:39] INFO 类型为1，开始下一轮检查并捕获信息
Fri, 03 Apr 2015 00:10:14 CrawlerRunner.py[line:39] INFO 类型为0，开始下一轮检查并捕获信息
Fri, 03 Apr 2015 00:10:14 CrawlerRunner.py[line:58] INFO 开始抓取文章链接。。。
Fri, 03 Apr 2015 00:10:14 CrawlerRunner.py[line:58] INFO 开始抓取文章链接。。。
Fri, 03 Apr 2015 00:11:45 CrawlerRunner.py[line:39] INFO 类型为1，开始下一轮检查并捕获信息
Fri, 03 Apr 2015 00:11:45 CrawlerRunner.py[line:39] INFO 类型为0，开始下一轮检查并捕获信息
Fri, 03 Apr 2015 00:11:45 CrawlerRunner.py[line:58] INFO 开始抓取文章链接。。。
Fri, 03 Apr 2015 00:11:45 CrawlerRunner.py[line:58] INFO 开始抓取文章链接。。。
Fri, 03 Apr 2015 00:13:50 CrawlerRunner.py[line:39] INFO 类型为1，开始下一轮检查并捕获信息
Fri, 03 Apr 2015 00:13:50 CrawlerRunner.py[line:39] INFO 类型为0，开始下一轮检查并捕获信息
Fri, 03 Apr 2015 00:13:50 CrawlerRunner.py[line:58] INFO 开始抓取文章链接。。。
Fri, 03 Apr 2015 00:13:50 CrawlerRunner.py[line:58] INFO 开始抓取文章链接。。。
Fri, 03 Apr 2015 00:17:44 CrawlerRunner.py[line:39] INFO 类型为1，开始下一轮检查并捕获信息
Fri, 03 Apr 2015 00:17:44 CrawlerRunner.py[line:39] INFO 类型为0，开始下一轮检查并捕获信息
Fri, 03 Apr 2015 00:17:44 CrawlerRunner.py[line:58] INFO 开始抓取文章链接。。。
Fri, 03 Apr 2015 00:17:44 CrawlerRunner.py[line:58] INFO 开始抓取文章链接。。。
Fri, 03 Apr 2015 00:17:44 CrawlerRunner.py[line:88] INFO 获取最新链接列表,准备开始捕获文章内容
Fri, 03 Apr 2015 00:17:44 CrawlerRunner.py[line:110] INFO 准备写入数据库
Fri, 03 Apr 2015 00:17:44 CrawlerRunner.py[line:88] INFO 获取最新链接列表,准备开始捕获文章内容
Fri, 03 Apr 2015 00:17:44 CrawlerRunner.py[line:110] INFO 准备写入数据库
